<?xml version="1.0" encoding="UTF-8"?>
<!-- Generated by org.testng.reporters.JUnitReportReporter -->
<testsuite skipped="0" hostname="Josephs-MacBoo.local" name="com.africaprudential.testcases.HomePageTest" tests="2" failures="0" timestamp="2023-02-03T22:26:01 WAT" time="29.070" errors="0">
  <testcase name="verifyHomePageTitleTest" time="13.637" classname="com.africaprudential.testcases.HomePageTest"/>
  <system-out/>
  <testcase name="verifyUserCanClickOnLoginButton" time="15.433" classname="com.africaprudential.testcases.HomePageTest"/>
  <system-out/>
</testsuite> <!-- com.africaprudential.testcases.HomePageTest -->
