<?xml version="1.0" encoding="UTF-8"?>
<!-- Generated by org.testng.reporters.JUnitReportReporter -->
<testsuite skipped="0" hostname="Josephs-MacBoo.local" name="com.africaprudential.testcases.UserProfilePageTest" tests="4" failures="0" timestamp="2023-02-04T12:17:50 WAT" time="116.035" errors="0">
  <testcase name="verifyUserCanUpdateCity" time="28.960" classname="com.africaprudential.testcases.UserProfilePageTest"/>
  <system-out/>
  <testcase name="verifyUserCanUpdateNextOfKinPhoneNumber" time="29.674" classname="com.africaprudential.testcases.UserProfilePageTest"/>
  <system-out/>
  <testcase name="verifyUserCanUpdateTaxRate" time="29.869" classname="com.africaprudential.testcases.UserProfilePageTest"/>
  <system-out/>
  <testcase name="verifyUserCanAddAccountNumber" time="27.532" classname="com.africaprudential.testcases.UserProfilePageTest"/>
  <system-out/>
</testsuite> <!-- com.africaprudential.testcases.UserProfilePageTest -->
