<?xml version="1.0" encoding="UTF-8"?>
<!-- Generated by org.testng.reporters.JUnitReportReporter -->
<testsuite skipped="0" hostname="Josephs-MacBoo.local" name="com.africaprudential.testcases.UserProfilePageTest" tests="4" failures="0" timestamp="2023-02-04T00:22:24 WAT" time="108.759" errors="0">
  <testcase name="verifyUserCanUpdateCity" time="24.531" classname="com.africaprudential.testcases.UserProfilePageTest"/>
  <system-out/>
  <testcase name="verifyUserCanUpdateNextOfKinPhoneNumber" time="25.429" classname="com.africaprudential.testcases.UserProfilePageTest"/>
  <system-out/>
  <testcase name="verifyUserCanUpdateTaxRate" time="30.204" classname="com.africaprudential.testcases.UserProfilePageTest"/>
  <system-out/>
  <testcase name="verifyUserCanAddAccountNumber" time="28.595" classname="com.africaprudential.testcases.UserProfilePageTest"/>
  <system-out/>
</testsuite> <!-- com.africaprudential.testcases.UserProfilePageTest -->
