<?xml version="1.0" encoding="UTF-8"?>
<!-- Generated by org.testng.reporters.JUnitReportReporter -->
<testsuite skipped="0" hostname="Josephs-MacBoo.local" name="com.africaprudential.testcases.LoginPageTest" tests="4" failures="0" timestamp="2023-02-03T22:22:03 WAT" time="91.599" errors="0">
  <testcase name="verifyUserCanLoginWith_ValideCredentials" time="33.999" classname="com.africaprudential.testcases.LoginPageTest"/>
  <system-out/>
  <testcase name="verifyUserCannotLoginWith_ValidUsername_InvalidPasswor" time="20.931" classname="com.africaprudential.testcases.LoginPageTest"/>
  <system-out/>
  <testcase name="verifyUserCannotLoginWith_invalidUsername_ValidPassword" time="16.050" classname="com.africaprudential.testcases.LoginPageTest"/>
  <system-out/>
  <testcase name="verifyUserCannotLoginWith_EmptyUsernameField_EmptyPasswordField" time="20.619" classname="com.africaprudential.testcases.LoginPageTest"/>
  <system-out/>
</testsuite> <!-- com.africaprudential.testcases.LoginPageTest -->
