<?xml version="1.0" encoding="UTF-8"?>
<!-- Generated by org.testng.reporters.JUnitReportReporter -->
<testsuite skipped="0" hostname="Josephs-MacBoo.local" name="com.africaprudential.testcases.HomePageTest" tests="2" failures="0" timestamp="2023-02-04T06:38:58 WAT" time="26.228" errors="0">
  <testcase name="verifyHomePageTitleTest" time="12.008" classname="com.africaprudential.testcases.HomePageTest"/>
  <system-out/>
  <testcase name="verifyUserCanClickOnLoginButton" time="14.220" classname="com.africaprudential.testcases.HomePageTest"/>
  <system-out/>
</testsuite> <!-- com.africaprudential.testcases.HomePageTest -->
