<?xml version="1.0" encoding="UTF-8"?>
<!-- Generated by org.testng.reporters.JUnitReportReporter -->
<testsuite skipped="0" hostname="Josephs-MacBoo.local" name="com.africaprudential.testcases.UserProfilePageTest" tests="4" failures="0" timestamp="2023-02-04T06:38:58 WAT" time="101.550" errors="0">
  <testcase name="verifyUserCanUpdateCity" time="26.206" classname="com.africaprudential.testcases.UserProfilePageTest"/>
  <system-out/>
  <testcase name="verifyUserCanUpdateNextOfKinPhoneNumber" time="24.363" classname="com.africaprudential.testcases.UserProfilePageTest"/>
  <system-out/>
  <testcase name="verifyUserCanUpdateTaxRate" time="24.658" classname="com.africaprudential.testcases.UserProfilePageTest"/>
  <system-out/>
  <testcase name="verifyUserCanAddAccountNumber" time="26.323" classname="com.africaprudential.testcases.UserProfilePageTest"/>
  <system-out/>
</testsuite> <!-- com.africaprudential.testcases.UserProfilePageTest -->
